        -:    0:Source:dominion.c
        -:    0:Programs:11
        -:    1:#include "dominion.h"
        -:    2:#include "dominion_helpers.h"
        -:    3:#include "rngs.h"
        -:    4:#include <stdio.h>
        -:    5:#include <math.h>
        -:    6:#include <stdlib.h>
        -:    7:
function compare called 162987 returned 100% blocks executed 100%
   162987:    8:int compare(const void* a, const void* b) {
   162987:    8-block  0
   162987:    9:  if (*(int*)a > *(int*)b)
   162987:    9-block  0
branch  0 taken 50791 (fallthrough)
branch  1 taken 112196
    50791:   10:    return 1;
    50791:   10-block  0
unconditional  0 taken 50791
   112196:   11:  if (*(int*)a < *(int*)b)
   112196:   11-block  0
branch  0 taken 42934 (fallthrough)
branch  1 taken 69262
    42934:   12:    return -1;
    42934:   12-block  0
unconditional  0 taken 42934
    69262:   13:  return 0;
    69262:   13-block  0
unconditional  0 taken 69262
        -:   14:}
        -:   15:
function newGame called 0 returned 0% blocks executed 0%
    #####:   16:struct gameState* newGame() {
    $$$$$:   16-block  0
    #####:   17:  struct gameState* g = malloc(sizeof(struct gameState));
    #####:   18:  return g;
    $$$$$:   18-block  0
unconditional  0 never executed
        -:   19:}
        -:   20:
function kingdomCards called 2000 returned 100% blocks executed 100%
     2000:   21:int* kingdomCards(int k1, int k2, int k3, int k4, int k5, int k6, int k7,
     2000:   21-block  0
        -:   22:		  int k8, int k9, int k10) {
     2000:   23:  int* k = malloc(10 * sizeof(int));
     2000:   24:  k[0] = k1;
     2000:   25:  k[1] = k2;
     2000:   26:  k[2] = k3;
     2000:   27:  k[3] = k4;
     2000:   28:  k[4] = k5;
     2000:   29:  k[5] = k6;
     2000:   30:  k[6] = k7;
     2000:   31:  k[7] = k8;
     2000:   32:  k[8] = k9;
     2000:   33:  k[9] = k10;
     2000:   34:  return k;
     2000:   34-block  0
unconditional  0 taken 2000
        -:   35:}
        -:   36:
function initializeGame called 2075 returned 100% blocks executed 88%
     2075:   37:int initializeGame(int numPlayers, int kingdomCards[10], int randomSeed,
     2075:   37-block  0
        -:   38:		   struct gameState *state) {
        -:   39:
        -:   40:  int i;
        -:   41:  int j;
        -:   42:  int it;			
        -:   43:  //set up random number generator
     2075:   44:  SelectStream(1);
     2075:   44-block  0
call    0 returned 2075
     2075:   45:  PutSeed((long)randomSeed);
call    0 returned 2075
        -:   46:  
        -:   47:  //check number of players
     2075:   48:  if (numPlayers > MAX_PLAYERS || numPlayers < 2)
branch  0 taken 2075 (fallthrough)
branch  1 taken 0
     2075:   48-block  0
branch  2 taken 0 (fallthrough)
branch  3 taken 2075
        -:   49:    {
    #####:   50:      return -1;
    $$$$$:   50-block  0
unconditional  0 never executed
        -:   51:    }
        -:   52:
        -:   53:  //set number of players
     2075:   54:  state->numPlayers = numPlayers;
        -:   55:
        -:   56:  //check selected kingdom cards are different
    22825:   57:  for (i = 0; i < 10; i++)
     2075:   57-block  0
unconditional  0 taken 2075
    20750:   57-block  1
unconditional  1 taken 20750
    22825:   57-block  2
branch  2 taken 20750
branch  3 taken 2075 (fallthrough)
        -:   58:    {
   228250:   59:      for (j = 0; j < 10; j++)
    20750:   59-block  0
unconditional  0 taken 20750
   207500:   59-block  1
unconditional  1 taken 207500
   228250:   59-block  2
branch  2 taken 207500
branch  3 taken 20750 (fallthrough)
        -:   60:        {
   207500:   61:	  if (j != i && kingdomCards[j] == kingdomCards[i])
   207500:   61-block  0
branch  0 taken 186750 (fallthrough)
branch  1 taken 20750
   186750:   61-block  1
branch  2 taken 0 (fallthrough)
branch  3 taken 186750
        -:   62:	    {
    #####:   63:	      return -1;
    $$$$$:   63-block  0
unconditional  0 never executed
        -:   64:	    }
        -:   65:        }
        -:   66:    }
        -:   67:
        -:   68:
        -:   69:  //initialize supply
        -:   70:  ///////////////////////////////
        -:   71:
        -:   72:  //set number of Curse cards
     2075:   73:  if (numPlayers == 2)
     2075:   73-block  0
branch  0 taken 2075 (fallthrough)
branch  1 taken 0
        -:   74:    {
     2075:   75:      state->supplyCount[curse] = 10;
     2075:   75-block  0
unconditional  0 taken 2075
        -:   76:    }
    #####:   77:  else if (numPlayers == 3)
    $$$$$:   77-block  0
branch  0 never executed
branch  1 never executed
        -:   78:    {
    #####:   79:      state->supplyCount[curse] = 20;
    $$$$$:   79-block  0
unconditional  0 never executed
        -:   80:    }
        -:   81:  else
        -:   82:    {
    #####:   83:      state->supplyCount[curse] = 30;
    $$$$$:   83-block  0
unconditional  0 never executed
        -:   84:    }
        -:   85:
        -:   86:  //set number of Victory cards
     2075:   87:  if (numPlayers == 2)
     2075:   87-block  0
branch  0 taken 2075 (fallthrough)
branch  1 taken 0
        -:   88:    {
     2075:   89:      state->supplyCount[estate] = 8;
     2075:   90:      state->supplyCount[duchy] = 8;
     2075:   91:      state->supplyCount[province] = 8;
     2075:   91-block  0
unconditional  0 taken 2075
        -:   92:    }
        -:   93:  else
        -:   94:    {
    #####:   95:      state->supplyCount[estate] = 12;
    #####:   96:      state->supplyCount[duchy] = 12;
    #####:   97:      state->supplyCount[province] = 12;
    $$$$$:   97-block  0
unconditional  0 never executed
        -:   98:    }
        -:   99:
        -:  100:  //set number of Treasure cards
     2075:  101:  state->supplyCount[copper] = 60 - (7 * numPlayers);
     2075:  102:  state->supplyCount[silver] = 40;
     2075:  103:  state->supplyCount[gold] = 30;
        -:  104:
        -:  105:  //set number of Kingdom cards
    43575:  106:  for (i = adventurer; i <= treasure_map; i++)       	//loop all cards
     2075:  106-block  0
unconditional  0 taken 2075
    41500:  106-block  1
unconditional  1 taken 41500
    43575:  106-block  2
branch  2 taken 41500
branch  3 taken 2075 (fallthrough)
        -:  107:    {
   440375:  108:      for (j = 0; j < 10; j++)           		//loop chosen cards
    41500:  108-block  0
unconditional  0 taken 41500
   398875:  108-block  1
unconditional  1 taken 398875
   440375:  108-block  2
branch  2 taken 405625
branch  3 taken 34750 (fallthrough)
        -:  109:	{
   405625:  110:	  if (kingdomCards[j] == i)
   405625:  110-block  0
branch  0 taken 6750 (fallthrough)
branch  1 taken 398875
        -:  111:	    {
        -:  112:	      //check if card is a 'Victory' Kingdom card
     6750:  113:	      if (kingdomCards[j] == great_hall || kingdomCards[j] == gardens)
     6750:  113-block  0
branch  0 taken 6689 (fallthrough)
branch  1 taken 61
     6689:  113-block  1
branch  2 taken 61 (fallthrough)
branch  3 taken 6628
        -:  114:		{
      244:  115:		  if (numPlayers == 2){ 
      122:  115-block  0
branch  0 taken 122 (fallthrough)
branch  1 taken 0
      122:  115-block  1
unconditional  2 taken 122
      122:  116:		    state->supplyCount[i] = 8; 
      122:  116-block  0
unconditional  0 taken 122
        -:  117:		  }
    #####:  118:		  else{ state->supplyCount[i] = 12; }
    $$$$$:  118-block  0
unconditional  0 never executed
        -:  119:		}
        -:  120:	      else
        -:  121:		{
     6628:  122:		  state->supplyCount[i] = 10;
     6628:  122-block  0
unconditional  0 taken 6628
        -:  123:		}
     6750:  124:	      break;
     6750:  124-block  0
unconditional  0 taken 6750
        -:  125:	    }
        -:  126:	  else    //card is not in the set choosen for the game
        -:  127:	    {
   398875:  128:	      state->supplyCount[i] = -1;
        -:  129:	    }
        -:  130:	}
        -:  131:
        -:  132:    }
        -:  133:
        -:  134:  ////////////////////////
        -:  135:  //supply intilization complete
        -:  136:
        -:  137:  //set player decks
     6225:  138:  for (i = 0; i < numPlayers; i++)
     2075:  138-block  0
unconditional  0 taken 2075
     4150:  138-block  1
unconditional  1 taken 4150
     6225:  138-block  2
branch  2 taken 4150
branch  3 taken 2075 (fallthrough)
        -:  139:    {
     4150:  140:      state->deckCount[i] = 0;
    16600:  141:      for (j = 0; j < 3; j++)
     4150:  141-block  0
unconditional  0 taken 4150
    12450:  141-block  1
unconditional  1 taken 12450
    16600:  141-block  2
branch  2 taken 12450
branch  3 taken 4150 (fallthrough)
        -:  142:	{
    12450:  143:	  state->deck[i][j] = estate;
    12450:  144:	  state->deckCount[i]++;
        -:  145:	}
    33200:  146:      for (j = 3; j < 10; j++)
     4150:  146-block  0
unconditional  0 taken 4150
    29050:  146-block  1
unconditional  1 taken 29050
    33200:  146-block  2
branch  2 taken 29050
branch  3 taken 4150 (fallthrough)
        -:  147:	{
    29050:  148:	  state->deck[i][j] = copper;
    29050:  149:	  state->deckCount[i]++;		
        -:  150:	}
        -:  151:    }
        -:  152:
        -:  153:  //shuffle player decks
     6225:  154:  for (i = 0; i < numPlayers; i++)
     2075:  154-block  0
unconditional  0 taken 2075
     4150:  154-block  1
unconditional  1 taken 4150
     6225:  154-block  2
branch  2 taken 4150
branch  3 taken 2075 (fallthrough)
        -:  155:    {
     4150:  156:      if ( shuffle(i, state) < 0 )
     4150:  156-block  0
call    0 returned 4150
branch  1 taken 0 (fallthrough)
branch  2 taken 4150
        -:  157:	{
    #####:  158:	  return -1;
    $$$$$:  158-block  0
unconditional  0 never executed
        -:  159:	}
        -:  160:    }
        -:  161:
        -:  162:  //draw player hands
     6225:  163:  for (i = 0; i < numPlayers; i++)
     2075:  163-block  0
unconditional  0 taken 2075
     4150:  163-block  1
unconditional  1 taken 4150
     6225:  163-block  2
branch  2 taken 4150
branch  3 taken 2075 (fallthrough)
        -:  164:    {  
        -:  165:      //initialize hand size to zero
     4150:  166:      state->handCount[i] = 0;
     4150:  167:      state->discardCount[i] = 0;
        -:  168:      //draw 5 cards
        -:  169:      // for (j = 0; j < 5; j++)
        -:  170:      //	{
        -:  171:      //	  drawCard(i, state);
        -:  172:      //	}
        -:  173:    }
        -:  174:  
        -:  175:  //set embargo tokens to 0 for all supply piles
    58100:  176:  for (i = 0; i <= treasure_map; i++)
     2075:  176-block  0
unconditional  0 taken 2075
    56025:  176-block  1
unconditional  1 taken 56025
    58100:  176-block  2
branch  2 taken 56025
branch  3 taken 2075 (fallthrough)
        -:  177:    {
    56025:  178:      state->embargoTokens[i] = 0;
        -:  179:    }
        -:  180:
        -:  181:  //initialize first player's turn
     2075:  182:  state->outpostPlayed = 0;
     2075:  183:  state->phase = 0;
     2075:  184:  state->numActions = 1;
     2075:  185:  state->numBuys = 1;
     2075:  186:  state->playedCardCount = 0;
     2075:  187:  state->whoseTurn = 0;
     2075:  188:  state->handCount[state->whoseTurn] = 0;
        -:  189:  //int it; move to top
        -:  190:
        -:  191:  //Moved draw cards to here, only drawing at the start of a turn
    12450:  192:  for (it = 0; it < 5; it++){
     2075:  192-block  0
unconditional  0 taken 2075
unconditional  1 taken 10375
    12450:  192-block  1
branch  2 taken 10375
branch  3 taken 2075 (fallthrough)
    10375:  193:    drawCard(state->whoseTurn, state);
    10375:  193-block  0
call    0 returned 10375
        -:  194:  }
        -:  195:
     2075:  196:  updateCoins(state->whoseTurn, state, 0);
     2075:  196-block  0
call    0 returned 2075
        -:  197:
     2075:  198:  return 0;
unconditional  0 taken 2075
        -:  199:}
        -:  200:
function shuffle called 5960 returned 100% blocks executed 100%
     5960:  201:int shuffle(int player, struct gameState *state) {
     5960:  201-block  0
        -:  202: 
        -:  203:
        -:  204:  int newDeck[MAX_DECK];
     5960:  205:  int newDeckPos = 0;
        -:  206:  int card;
        -:  207:  int i;
        -:  208:
     5960:  209:  if (state->deckCount[player] < 1)
     5960:  209-block  0
branch  0 taken 1525 (fallthrough)
branch  1 taken 4435
     1525:  210:    return -1;
     1525:  210-block  0
unconditional  0 taken 1525
     4435:  211:  qsort ((void*)(state->deck[player]), state->deckCount[player], sizeof(int), compare); 
     4435:  211-block  0
call    0 returned 4435
        -:  212:  /* SORT CARDS IN DECK TO ENSURE DETERMINISM! */
        -:  213:
    63468:  214:  while (state->deckCount[player] > 0) {
unconditional  0 taken 4435
    63468:  214-block  0
branch  1 taken 59033
branch  2 taken 4435 (fallthrough)
    59033:  215:    card = floor(Random() * state->deckCount[player]);
    59033:  215-block  0
call    0 returned 59033
    59033:  216:    newDeck[newDeckPos] = state->deck[player][card];
    59033:  217:    newDeckPos++;
   884480:  218:    for (i = card; i < state->deckCount[player]-1; i++) {
unconditional  0 taken 59033
   825447:  218-block  0
unconditional  1 taken 825447
   884480:  218-block  1
branch  2 taken 825447
branch  3 taken 59033 (fallthrough)
   825447:  219:      state->deck[player][i] = state->deck[player][i+1];
        -:  220:    }
    59033:  221:    state->deckCount[player]--;
    59033:  221-block  0
unconditional  0 taken 59033
        -:  222:  }
    63468:  223:  for (i = 0; i < newDeckPos; i++) {
     4435:  223-block  0
unconditional  0 taken 4435
    59033:  223-block  1
unconditional  1 taken 59033
    63468:  223-block  2
branch  2 taken 59033
branch  3 taken 4435 (fallthrough)
    59033:  224:    state->deck[player][i] = newDeck[i];
    59033:  225:    state->deckCount[player]++;
        -:  226:  }
        -:  227:
     5960:  228:  return 0;
     4435:  228-block  0
unconditional  0 taken 4435
     5960:  228-block  1
unconditional  1 taken 5960
        -:  229:}
        -:  230:
function playCard called 0 returned 0% blocks executed 0%
    #####:  231:int playCard(int handPos, int choice1, int choice2, int choice3, struct gameState *state) 
    $$$$$:  231-block  0
        -:  232:{	
        -:  233:  int card;
    #####:  234:  int coin_bonus = 0; 		//tracks coins gain from actions
        -:  235:
        -:  236:  //check if it is the right phase
    #####:  237:  if (state->phase != 0)
    $$$$$:  237-block  0
branch  0 never executed
branch  1 never executed
        -:  238:    {
    #####:  239:      return -1;
    $$$$$:  239-block  0
unconditional  0 never executed
        -:  240:    }
        -:  241:	
        -:  242:  //check if player has enough actions
    #####:  243:  if ( state->numActions < 1 )
    $$$$$:  243-block  0
branch  0 never executed
branch  1 never executed
        -:  244:    {
    #####:  245:      return -1;
    $$$$$:  245-block  0
unconditional  0 never executed
        -:  246:    }
        -:  247:	
        -:  248:  //get card played
    #####:  249:  card = handCard(handPos, state);
    $$$$$:  249-block  0
call    0 never executed
        -:  250:	
        -:  251:  //check if selected card is an action
    #####:  252:  if ( card < adventurer || card > treasure_map )
branch  0 never executed
branch  1 never executed
    $$$$$:  252-block  0
branch  2 never executed
branch  3 never executed
        -:  253:    {
    #####:  254:      return -1;
    $$$$$:  254-block  0
unconditional  0 never executed
        -:  255:    }
        -:  256:	
        -:  257:  //play card
    #####:  258:  if ( cardEffect(card, choice1, choice2, choice3, state, handPos, &coin_bonus) < 0 )
    $$$$$:  258-block  0
call    0 never executed
branch  1 never executed
branch  2 never executed
        -:  259:    {
    #####:  260:      return -1;
    $$$$$:  260-block  0
unconditional  0 never executed
        -:  261:    }
        -:  262:	
        -:  263:  //reduce number of actions
    #####:  264:  state->numActions--;
        -:  265:
        -:  266:  //update coins (Treasure cards may be added with card draws)
    #####:  267:  updateCoins(state->whoseTurn, state, coin_bonus);
    $$$$$:  267-block  0
call    0 never executed
        -:  268:	
    #####:  269:  return 0;
unconditional  0 never executed
    $$$$$:  269-block  0
unconditional  1 never executed
        -:  270:}
        -:  271:
function buyCard called 0 returned 0% blocks executed 0%
    #####:  272:int buyCard(int supplyPos, struct gameState *state) {
    $$$$$:  272-block  0
    $$$$$:  272-block  1
unconditional  0 never executed
        -:  273:  int who;
        -:  274:  if (DEBUG){
        -:  275:    printf("Entering buyCard...\n");
        -:  276:  }
        -:  277:
        -:  278:  // I don't know what to do about the phase thing.
        -:  279:
    #####:  280:  who = state->whoseTurn;
        -:  281:
    #####:  282:  if (state->numBuys < 1){
    $$$$$:  282-block  0
branch  0 never executed
branch  1 never executed
        -:  283:    if (DEBUG)
        -:  284:      printf("You do not have any buys left\n");
    #####:  285:    return -1;
    $$$$$:  285-block  0
unconditional  0 never executed
    #####:  286:  } else if (supplyCount(supplyPos, state) <1){
    $$$$$:  286-block  0
call    0 never executed
branch  1 never executed
branch  2 never executed
        -:  287:    if (DEBUG)
        -:  288:      printf("There are not any of that type of card left\n");
    #####:  289:    return -1;
    $$$$$:  289-block  0
unconditional  0 never executed
    #####:  290:  } else if (state->coins < getCost(supplyPos)){
    $$$$$:  290-block  0
call    0 never executed
branch  1 never executed
branch  2 never executed
        -:  291:    if (DEBUG) 
        -:  292:      printf("You do not have enough money to buy that. You have %d coins.\n", state->coins);
    #####:  293:    return -1;
    $$$$$:  293-block  0
unconditional  0 never executed
        -:  294:  } else {
    #####:  295:    state->phase=1;
        -:  296:    //state->supplyCount[supplyPos]--;
    #####:  297:    gainCard(supplyPos, state, 0, who); //card goes in discard, this might be wrong.. (2 means goes into hand, 0 goes into discard)
    $$$$$:  297-block  0
call    0 never executed
        -:  298:  
    #####:  299:    state->coins = (state->coins) - (getCost(supplyPos));
call    0 never executed
    #####:  300:    state->numBuys--;
unconditional  0 never executed
        -:  301:    if (DEBUG)
        -:  302:      printf("You bought card number %d for %d coins. You now have %d buys and %d coins.\n", supplyPos, getCost(supplyPos), state->numBuys, state->coins);
        -:  303:  }
        -:  304:
        -:  305:  //state->discard[who][state->discardCount[who]] = supplyPos;
        -:  306:  //state->discardCount[who]++;
        -:  307:    
    #####:  308:  return 0;
    $$$$$:  308-block  0
unconditional  0 never executed
        -:  309:}
        -:  310:
function numHandCards called 4 returned 100% blocks executed 100%
        4:  311:int numHandCards(struct gameState *state) {
        4:  311-block  0
        4:  312:  return state->handCount[ whoseTurn(state) ];
        4:  312-block  0
call    0 returned 4
unconditional  1 taken 4
        -:  313:}
        -:  314:
function handCard called 2000 returned 100% blocks executed 100%
     2000:  315:int handCard(int handPos, struct gameState *state) {
     2000:  315-block  0
     2000:  316:  int currentPlayer = whoseTurn(state);
     2000:  316-block  0
call    0 returned 2000
     2000:  317:  return state->hand[currentPlayer][handPos];
unconditional  0 taken 2000
        -:  318:}
        -:  319:
function supplyCount called 54 returned 100% blocks executed 100%
       54:  320:int supplyCount(int card, struct gameState *state) {
       54:  320-block  0
       54:  321:  return state->supplyCount[card];
       54:  321-block  0
unconditional  0 taken 54
        -:  322:}
        -:  323:
function fullDeckCount called 0 returned 0% blocks executed 0%
    #####:  324:int fullDeckCount(int player, int card, struct gameState *state) {
    $$$$$:  324-block  0
        -:  325:  int i;
    #####:  326:  int count = 0;
        -:  327:
    #####:  328:  for (i = 0; i < state->deckCount[player]; i++)
    $$$$$:  328-block  0
unconditional  0 never executed
    $$$$$:  328-block  1
unconditional  1 never executed
    $$$$$:  328-block  2
branch  2 never executed
branch  3 never executed
        -:  329:    {
    #####:  330:      if (state->deck[player][i] == card) count++;
    $$$$$:  330-block  0
branch  0 never executed
branch  1 never executed
    $$$$$:  330-block  1
unconditional  2 never executed
        -:  331:    }
        -:  332:
    #####:  333:  for (i = 0; i < state->handCount[player]; i++)
    $$$$$:  333-block  0
unconditional  0 never executed
    $$$$$:  333-block  1
unconditional  1 never executed
    $$$$$:  333-block  2
branch  2 never executed
branch  3 never executed
        -:  334:    {
    #####:  335:      if (state->hand[player][i] == card) count++;
    $$$$$:  335-block  0
branch  0 never executed
branch  1 never executed
    $$$$$:  335-block  1
unconditional  2 never executed
        -:  336:    }
        -:  337:
    #####:  338:  for (i = 0; i < state->discardCount[player]; i++)
    $$$$$:  338-block  0
unconditional  0 never executed
    $$$$$:  338-block  1
unconditional  1 never executed
    $$$$$:  338-block  2
branch  2 never executed
branch  3 never executed
        -:  339:    {
    #####:  340:      if (state->discard[player][i] == card) count++;
    $$$$$:  340-block  0
branch  0 never executed
branch  1 never executed
    $$$$$:  340-block  1
unconditional  2 never executed
        -:  341:    }
        -:  342:
    #####:  343:  return count;
    $$$$$:  343-block  0
unconditional  0 never executed
        -:  344:}
        -:  345:
function whoseTurn called 8018 returned 100% blocks executed 100%
     8018:  346:int whoseTurn(struct gameState *state) {
     8018:  346-block  0
     8018:  347:  return state->whoseTurn;
     8018:  347-block  0
unconditional  0 taken 8018
        -:  348:}
        -:  349:
function endTurn called 0 returned 0% blocks executed 0%
    #####:  350:int endTurn(struct gameState *state) {
    $$$$$:  350-block  0
        -:  351:  int k;
        -:  352:  int i;
    #####:  353:  int currentPlayer = whoseTurn(state);
    $$$$$:  353-block  0
call    0 never executed
        -:  354:  
        -:  355:  //Discard hand
    #####:  356:  for (i = 0; i < state->handCount[currentPlayer]; i++){
unconditional  0 never executed
    $$$$$:  356-block  0
unconditional  1 never executed
    $$$$$:  356-block  1
branch  2 never executed
branch  3 never executed
    #####:  357:    state->discard[currentPlayer][state->discardCount[currentPlayer]++] = state->hand[currentPlayer][i];//Discard
    #####:  358:    state->hand[currentPlayer][i] = -1;//Set card to -1
        -:  359:  }
    #####:  360:  state->handCount[currentPlayer] = 0;//Reset hand count
        -:  361:    
        -:  362:  //Code for determining the player
    #####:  363:  if (currentPlayer < (state->numPlayers - 1)){ 
    $$$$$:  363-block  0
branch  0 never executed
branch  1 never executed
    #####:  364:    state->whoseTurn = currentPlayer + 1;//Still safe to increment
    $$$$$:  364-block  0
unconditional  0 never executed
        -:  365:  }
        -:  366:  else{
    #####:  367:    state->whoseTurn = 0;//Max player has been reached, loop back around to player 1
    $$$$$:  367-block  0
unconditional  0 never executed
        -:  368:  }
        -:  369:
    #####:  370:  state->outpostPlayed = 0;
    #####:  371:  state->phase = 0;
    #####:  372:  state->numActions = 1;
    #####:  373:  state->coins = 0;
    #####:  374:  state->numBuys = 1;
    #####:  375:  state->playedCardCount = 0;
    #####:  376:  state->handCount[state->whoseTurn] = 0;
        -:  377:
        -:  378:  //int k; move to top
        -:  379:  //Next player draws hand
    #####:  380:  for (k = 0; k < 5; k++){
    $$$$$:  380-block  0
unconditional  0 never executed
unconditional  1 never executed
    $$$$$:  380-block  1
branch  2 never executed
branch  3 never executed
    #####:  381:    drawCard(state->whoseTurn, state);//Draw a card
    $$$$$:  381-block  0
call    0 never executed
        -:  382:  }
        -:  383:
        -:  384:  //Update money
    #####:  385:  updateCoins(state->whoseTurn, state , 0);
    $$$$$:  385-block  0
call    0 never executed
        -:  386:
    #####:  387:  return 0;
unconditional  0 never executed
        -:  388:}
        -:  389:
function isGameOver called 30 returned 100% blocks executed 100%
       30:  390:int isGameOver(struct gameState *state) {
       30:  390-block  0
        -:  391:  int i;
        -:  392:  int j;
        -:  393:	
        -:  394:  //if stack of Province cards is empty, the game ends
       30:  395:  if (state->supplyCount[province] == 0)
       30:  395-block  0
branch  0 taken 6 (fallthrough)
branch  1 taken 24
        -:  396:    {
        6:  397:      return 1;
        6:  397-block  0
unconditional  0 taken 6
        -:  398:    }
        -:  399:
        -:  400:  //if three supply pile are at 0, the game ends
       24:  401:  j = 0;
      624:  402:  for (i = 0; i < 25; i++)
       24:  402-block  0
unconditional  0 taken 24
      600:  402-block  1
unconditional  1 taken 600
      624:  402-block  2
branch  2 taken 600
branch  3 taken 24 (fallthrough)
        -:  403:    {
      600:  404:      if (state->supplyCount[i] == 0)
      600:  404-block  0
branch  0 taken 30 (fallthrough)
branch  1 taken 570
        -:  405:	{
       30:  406:	  j++;
       30:  406-block  0
unconditional  0 taken 30
        -:  407:	}
        -:  408:    }
       24:  409:  if ( j >= 3)
       24:  409-block  0
branch  0 taken 6 (fallthrough)
branch  1 taken 18
        -:  410:    {
        6:  411:      return 1;
        6:  411-block  0
unconditional  0 taken 6
        -:  412:    }
        -:  413:
       18:  414:  return 0;
       18:  414-block  0
unconditional  0 taken 18
        -:  415:}
        -:  416:
function scoreFor called 0 returned 0% blocks executed 0%
    #####:  417:int scoreFor (int player, struct gameState *state) {
    $$$$$:  417-block  0
        -:  418:
        -:  419:  int i;
    #####:  420:  int score = 0;
        -:  421:  //score from hand
    #####:  422:  for (i = 0; i < state->handCount[player]; i++)
    $$$$$:  422-block  0
unconditional  0 never executed
    $$$$$:  422-block  1
unconditional  1 never executed
    $$$$$:  422-block  2
branch  2 never executed
branch  3 never executed
        -:  423:    {
    #####:  424:      if (state->hand[player][i] == curse) { score = score - 1; };
    $$$$$:  424-block  0
branch  0 never executed
branch  1 never executed
    $$$$$:  424-block  1
unconditional  2 never executed
    #####:  425:      if (state->hand[player][i] == estate) { score = score + 1; };
    $$$$$:  425-block  0
branch  0 never executed
branch  1 never executed
    $$$$$:  425-block  1
unconditional  2 never executed
    #####:  426:      if (state->hand[player][i] == duchy) { score = score + 3; };
    $$$$$:  426-block  0
branch  0 never executed
branch  1 never executed
    $$$$$:  426-block  1
unconditional  2 never executed
    #####:  427:      if (state->hand[player][i] == province) { score = score + 6; };
    $$$$$:  427-block  0
branch  0 never executed
branch  1 never executed
    $$$$$:  427-block  1
unconditional  2 never executed
    #####:  428:      if (state->hand[player][i] == great_hall) { score = score + 1; };
    $$$$$:  428-block  0
branch  0 never executed
branch  1 never executed
    $$$$$:  428-block  1
unconditional  2 never executed
    #####:  429:      if (state->hand[player][i] == gardens) { score = score + ( fullDeckCount(player, 0, state) / 10 ); };
    $$$$$:  429-block  0
branch  0 never executed
branch  1 never executed
    $$$$$:  429-block  1
call    2 never executed
unconditional  3 never executed
        -:  430:    }
        -:  431:
        -:  432:  //score from discard
    #####:  433:  for (i = 0; i < state->discardCount[player]; i++)
    $$$$$:  433-block  0
unconditional  0 never executed
    $$$$$:  433-block  1
unconditional  1 never executed
    $$$$$:  433-block  2
branch  2 never executed
branch  3 never executed
        -:  434:    {
    #####:  435:      if (state->discard[player][i] == curse) { score = score - 1; };
    $$$$$:  435-block  0
branch  0 never executed
branch  1 never executed
    $$$$$:  435-block  1
unconditional  2 never executed
    #####:  436:      if (state->discard[player][i] == estate) { score = score + 1; };
    $$$$$:  436-block  0
branch  0 never executed
branch  1 never executed
    $$$$$:  436-block  1
unconditional  2 never executed
    #####:  437:      if (state->discard[player][i] == duchy) { score = score + 3; };
    $$$$$:  437-block  0
branch  0 never executed
branch  1 never executed
    $$$$$:  437-block  1
unconditional  2 never executed
    #####:  438:      if (state->discard[player][i] == province) { score = score + 6; };
    $$$$$:  438-block  0
branch  0 never executed
branch  1 never executed
    $$$$$:  438-block  1
unconditional  2 never executed
    #####:  439:      if (state->discard[player][i] == great_hall) { score = score + 1; };
    $$$$$:  439-block  0
branch  0 never executed
branch  1 never executed
    $$$$$:  439-block  1
unconditional  2 never executed
    #####:  440:      if (state->discard[player][i] == gardens) { score = score + ( fullDeckCount(player, 0, state) / 10 ); };
    $$$$$:  440-block  0
branch  0 never executed
branch  1 never executed
    $$$$$:  440-block  1
call    2 never executed
unconditional  3 never executed
        -:  441:    }
        -:  442:
        -:  443:  //score from deck
    #####:  444:  for (i = 0; i < state->discardCount[player]; i++)
    $$$$$:  444-block  0
unconditional  0 never executed
    $$$$$:  444-block  1
unconditional  1 never executed
    $$$$$:  444-block  2
branch  2 never executed
branch  3 never executed
        -:  445:    {
    #####:  446:      if (state->deck[player][i] == curse) { score = score - 1; };
    $$$$$:  446-block  0
branch  0 never executed
branch  1 never executed
    $$$$$:  446-block  1
unconditional  2 never executed
    #####:  447:      if (state->deck[player][i] == estate) { score = score + 1; };
    $$$$$:  447-block  0
branch  0 never executed
branch  1 never executed
    $$$$$:  447-block  1
unconditional  2 never executed
    #####:  448:      if (state->deck[player][i] == duchy) { score = score + 3; };
    $$$$$:  448-block  0
branch  0 never executed
branch  1 never executed
    $$$$$:  448-block  1
unconditional  2 never executed
    #####:  449:      if (state->deck[player][i] == province) { score = score + 6; };
    $$$$$:  449-block  0
branch  0 never executed
branch  1 never executed
    $$$$$:  449-block  1
unconditional  2 never executed
    #####:  450:      if (state->deck[player][i] == great_hall) { score = score + 1; };
    $$$$$:  450-block  0
branch  0 never executed
branch  1 never executed
    $$$$$:  450-block  1
unconditional  2 never executed
    #####:  451:      if (state->deck[player][i] == gardens) { score = score + ( fullDeckCount(player, 0, state) / 10 ); };
    $$$$$:  451-block  0
branch  0 never executed
branch  1 never executed
    $$$$$:  451-block  1
call    2 never executed
unconditional  3 never executed
        -:  452:    }
        -:  453:
    #####:  454:  return score;
    $$$$$:  454-block  0
unconditional  0 never executed
        -:  455:}
        -:  456:
function getWinners called 0 returned 0% blocks executed 0%
    #####:  457:int getWinners(int players[MAX_PLAYERS], struct gameState *state) {
    $$$$$:  457-block  0
        -:  458:  int i;	
        -:  459:  int j;
        -:  460:  int highScore;
        -:  461:  int currentPlayer;
        -:  462:
        -:  463:  //get score for each player
    #####:  464:  for (i = 0; i < MAX_PLAYERS; i++)
    $$$$$:  464-block  0
unconditional  0 never executed
    $$$$$:  464-block  1
unconditional  1 never executed
    $$$$$:  464-block  2
branch  2 never executed
branch  3 never executed
        -:  465:    {
        -:  466:      //set unused player scores to -9999
    #####:  467:      if (i >= state->numPlayers)
    $$$$$:  467-block  0
branch  0 never executed
branch  1 never executed
        -:  468:	{
    #####:  469:	  players[i] = -9999;
    $$$$$:  469-block  0
unconditional  0 never executed
        -:  470:	}
        -:  471:      else
        -:  472:	{
    #####:  473:	  players[i] = scoreFor (i, state);
    $$$$$:  473-block  0
call    0 never executed
unconditional  1 never executed
        -:  474:	}
        -:  475:    }
        -:  476:
        -:  477:  //find highest score
    #####:  478:  j = 0;
    #####:  479:  for (i = 0; i < MAX_PLAYERS; i++)
    $$$$$:  479-block  0
unconditional  0 never executed
    $$$$$:  479-block  1
unconditional  1 never executed
    $$$$$:  479-block  2
branch  2 never executed
branch  3 never executed
        -:  480:    {
    #####:  481:      if (players[i] > players[j])
    $$$$$:  481-block  0
branch  0 never executed
branch  1 never executed
        -:  482:	{
    #####:  483:	  j = i;
    $$$$$:  483-block  0
unconditional  0 never executed
        -:  484:	}
        -:  485:    }
    #####:  486:  highScore = players[j];
        -:  487:
        -:  488:  //add 1 to players who had less turns
    #####:  489:  currentPlayer = whoseTurn(state);
    $$$$$:  489-block  0
call    0 never executed
    #####:  490:  for (i = 0; i < MAX_PLAYERS; i++)
unconditional  0 never executed
    $$$$$:  490-block  0
unconditional  1 never executed
    $$$$$:  490-block  1
branch  2 never executed
branch  3 never executed
        -:  491:    {
    #####:  492:      if ( players[i] == highScore && i > currentPlayer )
    $$$$$:  492-block  0
branch  0 never executed
branch  1 never executed
    $$$$$:  492-block  1
branch  2 never executed
branch  3 never executed
        -:  493:	{
    #####:  494:	  players[i]++;
    $$$$$:  494-block  0
unconditional  0 never executed
        -:  495:	}
        -:  496:    }
        -:  497:
        -:  498:  //find new highest score
    #####:  499:  j = 0;
    #####:  500:  for (i = 0; i < MAX_PLAYERS; i++)
    $$$$$:  500-block  0
unconditional  0 never executed
    $$$$$:  500-block  1
unconditional  1 never executed
    $$$$$:  500-block  2
branch  2 never executed
branch  3 never executed
        -:  501:    {
    #####:  502:      if ( players[i] > players[j] )
    $$$$$:  502-block  0
branch  0 never executed
branch  1 never executed
        -:  503:	{
    #####:  504:	  j = i;
    $$$$$:  504-block  0
unconditional  0 never executed
        -:  505:	}
        -:  506:    }
    #####:  507:  highScore = players[j];
        -:  508:
        -:  509:  //set winners in array to 1 and rest to 0
    #####:  510:  for (i = 0; i < MAX_PLAYERS; i++)
    $$$$$:  510-block  0
unconditional  0 never executed
    $$$$$:  510-block  1
unconditional  1 never executed
    $$$$$:  510-block  2
branch  2 never executed
branch  3 never executed
        -:  511:    {
    #####:  512:      if ( players[i] == highScore )
    $$$$$:  512-block  0
branch  0 never executed
branch  1 never executed
        -:  513:	{
    #####:  514:	  players[i] = 1;
    $$$$$:  514-block  0
unconditional  0 never executed
        -:  515:	}
        -:  516:      else
        -:  517:	{
    #####:  518:	  players[i] = 0;
    $$$$$:  518-block  0
unconditional  0 never executed
        -:  519:	}
        -:  520:    }
        -:  521:
    #####:  522:  return 0;
    $$$$$:  522-block  0
unconditional  0 never executed
        -:  523:}
        -:  524:
function drawCard called 46011 returned 100% blocks executed 100%
    46011:  525:int drawCard(int player, struct gameState *state)
    46011:  525-block  0
        -:  526:{	int count;
        -:  527:  int deckCounter;
    46011:  528:  if (state->deckCount[player] <= 0){//Deck is empty
    46011:  528-block  0
branch  0 taken 905 (fallthrough)
branch  1 taken 45106
        -:  529:    
        -:  530:    //Step 1 Shuffle the discard pile back into a deck
        -:  531:    int i;
        -:  532:    //Move discard to deck
    18438:  533:    for (i = 0; i < state->discardCount[player];i++){
      905:  533-block  0
unconditional  0 taken 905
    17533:  533-block  1
unconditional  1 taken 17533
    18438:  533-block  2
branch  2 taken 17533
branch  3 taken 905 (fallthrough)
    17533:  534:      state->deck[player][i] = state->discard[player][i];
    17533:  535:      state->discard[player][i] = -1;
        -:  536:    }
        -:  537:
      905:  538:    state->deckCount[player] = state->discardCount[player];
      905:  539:    state->discardCount[player] = 0;//Reset discard
        -:  540:
        -:  541:    //Shufffle the deck
      905:  542:    shuffle(player, state);//Shuffle the deck up and make it so that we can draw
      905:  542-block  0
call    0 returned 905
        -:  543:   
        -:  544:    if (DEBUG){//Debug statements
        -:  545:      printf("Deck count now: %d\n", state->deckCount[player]);
        -:  546:    }
        -:  547:    
      905:  548:    state->discardCount[player] = 0;
        -:  549:
        -:  550:    //Step 2 Draw Card
      905:  551:    count = state->handCount[player];//Get current player's hand count
unconditional  0 taken 905
        -:  552:    
        -:  553:    if (DEBUG){//Debug statements
        -:  554:      printf("Current hand count: %d\n", count);
        -:  555:    }
        -:  556:    
      905:  557:    deckCounter = state->deckCount[player];//Create a holder for the deck count
        -:  558:
      905:  559:    if (deckCounter == 0)
      905:  559-block  0
branch  0 taken 620 (fallthrough)
branch  1 taken 285
      620:  560:      return -1;
      620:  560-block  0
unconditional  0 taken 620
        -:  561:
      285:  562:    state->hand[player][count] = state->deck[player][deckCounter - 1];//Add card to hand
      285:  563:    state->deckCount[player]--;
      285:  564:    state->handCount[player]++;//Increment hand count
      285:  564-block  0
unconditional  0 taken 285
        -:  565:  }
        -:  566:
        -:  567:  else{
    45106:  568:    int count = state->handCount[player];//Get current hand count for player
    45106:  568-block  0
unconditional  0 taken 45106
        -:  569:    int deckCounter;
        -:  570:    if (DEBUG){//Debug statements
        -:  571:      printf("Current hand count: %d\n", count);
        -:  572:    }
        -:  573:
    45106:  574:    deckCounter = state->deckCount[player];//Create holder for the deck count
    45106:  575:    state->hand[player][count] = state->deck[player][deckCounter - 1];//Add card to the hand
    45106:  576:    state->deckCount[player]--;
    45106:  577:    state->handCount[player]++;//Increment hand count
    45106:  577-block  0
unconditional  0 taken 45106
        -:  578:  }
        -:  579:
    45391:  580:  return 0;
    45391:  580-block  0
unconditional  0 taken 45391
        -:  581:}
        -:  582:
function getCost called 4058 returned 100% blocks executed 100%
     4058:  583:int getCost(int cardNumber)
     4058:  583-block  0
        -:  584:{
     4058:  585:  switch( cardNumber ) 
     4058:  585-block  0
branch  0 taken 2622
branch  1 taken 2
branch  2 taken 2
branch  3 taken 2
branch  4 taken 2
branch  5 taken 2
branch  6 taken 2
branch  7 taken 2
branch  8 taken 2
branch  9 taken 2
branch 10 taken 2
branch 11 taken 2
branch 12 taken 2
branch 13 taken 2
branch 14 taken 2
branch 15 taken 2
branch 16 taken 2
branch 17 taken 2
branch 18 taken 2
branch 19 taken 2
branch 20 taken 2
branch 21 taken 2
branch 22 taken 2
branch 23 taken 2
branch 24 taken 2
branch 25 taken 1382
branch 26 taken 2
branch 27 taken 4
        -:  586:    {
        -:  587:    case curse:
     2622:  588:      return 0;
     2622:  588-block  0
unconditional  0 taken 2622
        -:  589:    case estate:
        2:  590:      return 2;
        2:  590-block  0
unconditional  0 taken 2
        -:  591:    case duchy:
        2:  592:      return 5;
        2:  592-block  0
unconditional  0 taken 2
        -:  593:    case province:
        2:  594:      return 8;
        2:  594-block  0
unconditional  0 taken 2
        -:  595:    case copper:
        2:  596:      return 0;
        2:  596-block  0
unconditional  0 taken 2
        -:  597:    case silver:
        2:  598:      return 3;
        2:  598-block  0
unconditional  0 taken 2
        -:  599:    case gold:
        2:  600:      return 6;
        2:  600-block  0
unconditional  0 taken 2
        -:  601:    case adventurer:
        2:  602:      return 6;
        2:  602-block  0
unconditional  0 taken 2
        -:  603:    case council_room:
        2:  604:      return 5;
        2:  604-block  0
unconditional  0 taken 2
        -:  605:    case feast:
        2:  606:      return 4;
        2:  606-block  0
unconditional  0 taken 2
        -:  607:    case gardens:
        2:  608:      return 4;
        2:  608-block  0
unconditional  0 taken 2
        -:  609:    case mine:
        2:  610:      return 5;
        2:  610-block  0
unconditional  0 taken 2
        -:  611:    case remodel:
        2:  612:      return 4;
        2:  612-block  0
unconditional  0 taken 2
        -:  613:    case smithy:
        2:  614:      return 4;
        2:  614-block  0
unconditional  0 taken 2
        -:  615:    case village:
        2:  616:      return 3;
        2:  616-block  0
unconditional  0 taken 2
        -:  617:    case baron:
        2:  618:      return 4;
        2:  618-block  0
unconditional  0 taken 2
        -:  619:    case great_hall:
        2:  620:      return 3;
        2:  620-block  0
unconditional  0 taken 2
        -:  621:    case minion:
        2:  622:      return 5;
        2:  622-block  0
unconditional  0 taken 2
        -:  623:    case steward:
        2:  624:      return 3;
        2:  624-block  0
unconditional  0 taken 2
        -:  625:    case tribute:
        2:  626:      return 5;
        2:  626-block  0
unconditional  0 taken 2
        -:  627:    case ambassador:
        2:  628:      return 3;
        2:  628-block  0
unconditional  0 taken 2
        -:  629:    case cutpurse:
        2:  630:      return 4;
        2:  630-block  0
unconditional  0 taken 2
        -:  631:    case embargo: 
        2:  632:      return 2;
        2:  632-block  0
unconditional  0 taken 2
        -:  633:    case outpost:
        2:  634:      return 5;
        2:  634-block  0
unconditional  0 taken 2
        -:  635:    case salvager:
        2:  636:      return 4;
        2:  636-block  0
unconditional  0 taken 2
        -:  637:    case sea_hag:
     1382:  638:      return 4;
     1382:  638-block  0
unconditional  0 taken 1382
        -:  639:    case treasure_map:
        2:  640:      return 4;
        2:  640-block  0
unconditional  0 taken 2
        -:  641:    }
        -:  642:	
        4:  643:  return -1;
        4:  643-block  0
unconditional  0 taken 4
        -:  644:}
        -:  645:
function cardEffect called 6014 returned 100% blocks executed 8%
     6014:  646:int cardEffect(int card, int choice1, int choice2, int choice3, struct gameState *state, int handPos, int *bonus)
     6014:  646-block  0
        -:  647:{
        -:  648:  int i;
        -:  649:  int j;
        -:  650:  int k;
        -:  651:  int x;
        -:  652:  int index;
     6014:  653:  int currentPlayer = whoseTurn(state);
     6014:  653-block  0
call    0 returned 6014
     6014:  654:  int nextPlayer = currentPlayer + 1;
        -:  655:
     6014:  656:  int tributeRevealedCards[2] = {-1, -1};
        -:  657:  int temphand[MAX_HAND];// moved above the if statement
     6014:  658:  int drawntreasure=0;
        -:  659:  int cardDrawn;
     6014:  660:  int z = 0;// this is the counter for the temp hand
     6014:  661:  if (nextPlayer > (state->numPlayers - 1)){
branch  0 taken 2975 (fallthrough)
branch  1 taken 3039
     2975:  662:    nextPlayer = 0;
     2975:  662-block  0
unconditional  0 taken 2975
        -:  663:  }
        -:  664:  
        -:  665:	
        -:  666:  //uses switch to select card and perform actions
     6014:  667:  switch( card ) 
     6014:  667-block  0
branch  0 taken 2008
branch  1 taken 0
branch  2 taken 0
branch  3 taken 0
branch  4 taken 0
branch  5 taken 0
branch  6 taken 2
branch  7 taken 0
branch  8 taken 0
branch  9 taken 2002
branch 10 taken 0
branch 11 taken 0
branch 12 taken 0
branch 13 taken 0
branch 14 taken 0
branch 15 taken 0
branch 16 taken 2
branch 17 taken 2000
branch 18 taken 0
branch 19 taken 0
branch 20 taken 0
        -:  668:    {
        -:  669:    case adventurer:
        -:  670:	//printf("-->Starting adventurer Case!\n");
     2008:  671:	adventurer_card(currentPlayer, state, handPos, drawntreasure, cardDrawn, z, temphand);
     2008:  671-block  0
call    0 returned 2008
        -:  672:	/*
        -:  673:      while(drawntreasure<2){
        -:  674:	if (state->deckCount[currentPlayer] <1){//if the deck is empty we need to shuffle discard and add to deck
        -:  675:	  shuffle(currentPlayer, state);
        -:  676:	}
        -:  677:	drawCard(currentPlayer, state);
        -:  678:	cardDrawn = state->hand[currentPlayer][state->handCount[currentPlayer]-1];//top card of hand is most recently drawn card.
        -:  679:	if (cardDrawn == copper || cardDrawn == silver || cardDrawn == gold)
        -:  680:	  drawntreasure++;
        -:  681:	else{
        -:  682:	  temphand[z]=cardDrawn;
        -:  683:	  state->handCount[currentPlayer]--; //this should just remove the top card (the most recently drawn one).
        -:  684:	  z++;
        -:  685:	}
        -:  686:      }
        -:  687:      while(z-1>=0){
        -:  688:	state->discard[currentPlayer][state->discardCount[currentPlayer]++]=temphand[z-1]; // discard all cards in play that have been drawn
        -:  689:	z=z-1;
        -:  690:      }
        -:  691:      return 0;
        -:  692:	*/		
        -:  693:	//printf("-->Ending adventurer Case!\n");
     2008:  694:	return 0;
unconditional  0 taken 2008
        -:  695:   case council_room:
        -:  696:      //+4 Cards
    #####:  697:      for (i = 0; i < 4; i++)
    $$$$$:  697-block  0
unconditional  0 never executed
unconditional  1 never executed
    $$$$$:  697-block  1
branch  2 never executed
branch  3 never executed
        -:  698:	{
    #####:  699:	  drawCard(currentPlayer, state);
    $$$$$:  699-block  0
call    0 never executed
        -:  700:	}
        -:  701:			
        -:  702:      //+1 Buy
    #####:  703:      state->numBuys++;
        -:  704:			
        -:  705:      //Each other player draws a card
    #####:  706:      for (i = 0; i < state->numPlayers; i++)
    $$$$$:  706-block  0
unconditional  0 never executed
    $$$$$:  706-block  1
unconditional  1 never executed
    $$$$$:  706-block  2
branch  2 never executed
branch  3 never executed
        -:  707:	{
    #####:  708:	  if ( i != currentPlayer )
    $$$$$:  708-block  0
branch  0 never executed
branch  1 never executed
        -:  709:	    {
    #####:  710:	      drawCard(i, state);
    $$$$$:  710-block  0
call    0 never executed
unconditional  1 never executed
        -:  711:	    }
        -:  712:	}
        -:  713:			
        -:  714:      //put played card in played card pile
    #####:  715:      discardCard(handPos, currentPlayer, state, 0);
    $$$$$:  715-block  0
call    0 never executed
        -:  716:			
    #####:  717:      return 0;
unconditional  0 never executed
        -:  718:			
        -:  719:    case feast:
        -:  720:      //gain card with cost up to 5
        -:  721:      //Backup hand
    #####:  722:      for (i = 0; i <= state->handCount[currentPlayer]; i++){
    $$$$$:  722-block  0
unconditional  0 never executed
    $$$$$:  722-block  1
unconditional  1 never executed
    $$$$$:  722-block  2
branch  2 never executed
branch  3 never executed
    #####:  723:	temphand[i] = state->hand[currentPlayer][i];//Backup card
    #####:  724:	state->hand[currentPlayer][i] = -1;//Set to nothing
        -:  725:      }
        -:  726:      //Backup hand
        -:  727:
        -:  728:      //Update Coins for Buy
    #####:  729:      updateCoins(currentPlayer, state, 5);
    $$$$$:  729-block  0
call    0 never executed
    #####:  730:      x = 1;//Condition to loop on
    #####:  731:      while( x == 1) {//Buy one card
unconditional  0 never executed
    $$$$$:  731-block  0
branch  1 never executed
branch  2 never executed
    #####:  732:	if (supplyCount(choice1, state) <= 0){
    $$$$$:  732-block  0
call    0 never executed
branch  1 never executed
branch  2 never executed
        -:  733:	  if (DEBUG)
        -:  734:	    printf("None of that card left, sorry!\n");
        -:  735:
        -:  736:	  if (DEBUG){
        -:  737:	    printf("Cards Left: %d\n", supplyCount(choice1, state));
        -:  738:	  }
        -:  739:	}
    #####:  740:	else if (state->coins < getCost(choice1)){
    $$$$$:  740-block  0
call    0 never executed
branch  1 never executed
branch  2 never executed
    #####:  741:	  printf("That card is too expensive!\n");
    $$$$$:  741-block  0
call    0 never executed
unconditional  1 never executed
        -:  742:
        -:  743:	  if (DEBUG){
        -:  744:	    printf("Coins: %d < %d\n", state->coins, getCost(choice1));
        -:  745:	  }
        -:  746:	}
        -:  747:	else{
        -:  748:
        -:  749:	  if (DEBUG){
        -:  750:	    printf("Deck Count: %d\n", state->handCount[currentPlayer] + state->deckCount[currentPlayer] + state->discardCount[currentPlayer]);
        -:  751:	  }
        -:  752:
    #####:  753:	  gainCard(choice1, state, 0, currentPlayer);//Gain the card
    $$$$$:  753-block  0
call    0 never executed
    #####:  754:	  x = 0;//No more buying cards
unconditional  0 never executed
        -:  755:
        -:  756:	  if (DEBUG){
        -:  757:	    printf("Deck Count: %d\n", state->handCount[currentPlayer] + state->deckCount[currentPlayer] + state->discardCount[currentPlayer]);
        -:  758:	  }
        -:  759:
        -:  760:	}
        -:  761:      }     
        -:  762:
        -:  763:      //Reset Hand
    #####:  764:      for (i = 0; i <= state->handCount[currentPlayer]; i++){
    $$$$$:  764-block  0
unconditional  0 never executed
    $$$$$:  764-block  1
unconditional  1 never executed
    $$$$$:  764-block  2
branch  2 never executed
branch  3 never executed
    #####:  765:	state->hand[currentPlayer][i] = temphand[i];
    #####:  766:	temphand[i] = -1;
        -:  767:      }
        -:  768:      //Reset Hand
        -:  769:      			
    #####:  770:      return 0;
    $$$$$:  770-block  0
unconditional  0 never executed
        -:  771:			
        -:  772:    case gardens:
    #####:  773:      return -1;
    $$$$$:  773-block  0
unconditional  0 never executed
        -:  774:			
        -:  775:    case mine:
    #####:  776:      j = state->hand[currentPlayer][choice1];  //store card we will trash
        -:  777:
    #####:  778:      if (state->hand[currentPlayer][choice1] < copper || state->hand[currentPlayer][choice1] > gold)
    $$$$$:  778-block  0
branch  0 never executed
branch  1 never executed
    $$$$$:  778-block  1
branch  2 never executed
branch  3 never executed
        -:  779:	{
    #####:  780:	  return -1;
    $$$$$:  780-block  0
unconditional  0 never executed
        -:  781:	}
        -:  782:		
    #####:  783:      if (choice2 > treasure_map || choice2 < curse)
    $$$$$:  783-block  0
branch  0 never executed
branch  1 never executed
    $$$$$:  783-block  1
branch  2 never executed
branch  3 never executed
        -:  784:	{
    #####:  785:	  return -1;
    $$$$$:  785-block  0
unconditional  0 never executed
        -:  786:	}
        -:  787:
    #####:  788:      if ( (getCost(state->hand[currentPlayer][choice1]) + 3) > getCost(choice2) )
    $$$$$:  788-block  0
call    0 never executed
call    1 never executed
branch  2 never executed
branch  3 never executed
        -:  789:	{
    #####:  790:	  return -1;
    $$$$$:  790-block  0
unconditional  0 never executed
        -:  791:	}
        -:  792:
    #####:  793:      gainCard(choice2, state, 2, currentPlayer);
    $$$$$:  793-block  0
call    0 never executed
        -:  794:
        -:  795:      //discard card from hand
    #####:  796:      discardCard(handPos, currentPlayer, state, 0);
call    0 never executed
        -:  797:
        -:  798:      //discard trashed card
    #####:  799:      for (i = 0; i < state->handCount[currentPlayer]; i++)
unconditional  0 never executed
    $$$$$:  799-block  0
unconditional  1 never executed
    $$$$$:  799-block  1
branch  2 never executed
branch  3 never executed
        -:  800:	{
    #####:  801:	  if (state->hand[currentPlayer][i] == j)
    $$$$$:  801-block  0
branch  0 never executed
branch  1 never executed
        -:  802:	    {
    #####:  803:	      discardCard(i, currentPlayer, state, 0);			
    $$$$$:  803-block  0
call    0 never executed
    #####:  804:	      break;
unconditional  0 never executed
        -:  805:	    }
        -:  806:	}
        -:  807:			
    #####:  808:      return 0;
    $$$$$:  808-block  0
unconditional  0 never executed
        -:  809:			
        -:  810:    case remodel:
    #####:  811:      j = state->hand[currentPlayer][choice1];  //store card we will trash
        -:  812:
    #####:  813:      if ( (getCost(state->hand[currentPlayer][choice1]) + 2) > getCost(choice2) )
    $$$$$:  813-block  0
call    0 never executed
call    1 never executed
branch  2 never executed
branch  3 never executed
        -:  814:	{
    #####:  815:	  return -1;
    $$$$$:  815-block  0
unconditional  0 never executed
        -:  816:	}
        -:  817:
    #####:  818:      gainCard(choice2, state, 0, currentPlayer);
    $$$$$:  818-block  0
call    0 never executed
        -:  819:
        -:  820:      //discard card from hand
    #####:  821:      discardCard(handPos, currentPlayer, state, 0);
call    0 never executed
        -:  822:
        -:  823:      //discard trashed card
    #####:  824:      for (i = 0; i < state->handCount[currentPlayer]; i++)
unconditional  0 never executed
    $$$$$:  824-block  0
unconditional  1 never executed
    $$$$$:  824-block  1
branch  2 never executed
branch  3 never executed
        -:  825:	{
    #####:  826:	  if (state->hand[currentPlayer][i] == j)
    $$$$$:  826-block  0
branch  0 never executed
branch  1 never executed
        -:  827:	    {
    #####:  828:	      discardCard(i, currentPlayer, state, 0);			
    $$$$$:  828-block  0
call    0 never executed
    #####:  829:	      break;
unconditional  0 never executed
        -:  830:	    }
        -:  831:	}
        -:  832:
        -:  833:
    #####:  834:      return 0;
    $$$$$:  834-block  0
unconditional  0 never executed
        -:  835:		
        -:  836:    case smithy:
        -:  837:	
        -:  838:	//printf("-->Starting Smithy Case!\n");
        2:  839:	smithy_card(currentPlayer, state, handPos);
        2:  839-block  0
call    0 returned 2
        -:  840:      //+3 Cards
        -:  841:      //for (i = 0; i < 3; i++)
        -:  842:	//{
        -:  843:	  //drawCard(currentPlayer, state);
        -:  844:	//}
        -:  845:			
        -:  846:      //discard card from hand
        -:  847:      //discardCard(handPos, currentPlayer, state, 0);
        -:  848:	//printf("-->Ending Smithy Case!\n");
        2:  849:        return 0;
unconditional  0 taken 2
        -:  850:	
        -:  851:    case village:
        -:  852:	//printf("-->Starting Villager Case!\n");
    #####:  853:	village_card(currentPlayer, state, handPos);
    $$$$$:  853-block  0
call    0 never executed
        -:  854:      //+1 Card
        -:  855:      //drawCard(currentPlayer, state);
        -:  856:			
        -:  857:      //+2 Actions
        -:  858:      //state->numActions = state->numActions + 2;
        -:  859:			
        -:  860:      //discard played card from hand
        -:  861:      //discardCard(handPos, currentPlayer, state, 0);
        -:  862:	//printf("-->Ending Villager Case!\n");
    #####:  863:      return 0;
unconditional  0 never executed
        -:  864:		
        -:  865:    case baron:
    #####:  866:      state->numBuys++;//Increase buys by 1!
    #####:  867:      if (choice1 > 0){//Boolean true or going to discard an estate
    $$$$$:  867-block  0
branch  0 never executed
branch  1 never executed
    #####:  868:	int p = 0;//Iterator for hand!
    #####:  869:	int card_not_discarded = 1;//Flag for discard set!
    #####:  870:	while(card_not_discarded){
    $$$$$:  870-block  0
unconditional  0 never executed
    $$$$$:  870-block  1
branch  1 never executed
branch  2 never executed
    $$$$$:  870-block  2
unconditional  3 never executed
    #####:  871:	  if (state->hand[currentPlayer][p] == estate){//Found an estate card!
    $$$$$:  871-block  0
branch  0 never executed
branch  1 never executed
    #####:  872:	    state->coins += 4;//Add 4 coins to the amount of coins
    #####:  873:	    state->discard[currentPlayer][state->discardCount[currentPlayer]] = state->hand[currentPlayer][p];
    #####:  874:	    state->discardCount[currentPlayer]++;
    #####:  875:	    for (;p < state->handCount[currentPlayer]; p++){
    $$$$$:  875-block  0
unconditional  0 never executed
    $$$$$:  875-block  1
unconditional  1 never executed
    $$$$$:  875-block  2
branch  2 never executed
branch  3 never executed
    #####:  876:	      state->hand[currentPlayer][p] = state->hand[currentPlayer][p+1];
        -:  877:	    }
    #####:  878:	    state->hand[currentPlayer][state->handCount[currentPlayer]] = -1;
    #####:  879:	    state->handCount[currentPlayer]--;
    #####:  880:	    card_not_discarded = 0;//Exit the loop
    $$$$$:  880-block  0
unconditional  0 never executed
        -:  881:	  }
    #####:  882:	  else if (p > state->handCount[currentPlayer]){
    $$$$$:  882-block  0
branch  0 never executed
branch  1 never executed
        -:  883:	    if(DEBUG) {
        -:  884:	      printf("No estate cards in your hand, invalid choice\n");
        -:  885:	      printf("Must gain an estate if there are any\n");
        -:  886:	    }
    #####:  887:	    if (supplyCount(estate, state) > 0){
    $$$$$:  887-block  0
call    0 never executed
branch  1 never executed
branch  2 never executed
    #####:  888:	      gainCard(estate, state, 0, currentPlayer);
    $$$$$:  888-block  0
call    0 never executed
    #####:  889:	      state->supplyCount[estate]--;//Decrement estates
    #####:  890:	      if (supplyCount(estate, state) == 0){
call    0 never executed
branch  1 never executed
branch  2 never executed
    #####:  891:		isGameOver(state);
    $$$$$:  891-block  0
call    0 never executed
unconditional  1 never executed
        -:  892:	      }
        -:  893:	    }
    #####:  894:	    card_not_discarded = 0;//Exit the loop
    $$$$$:  894-block  0
unconditional  0 never executed
        -:  895:	  }
        -:  896:			    
        -:  897:	  else{
    #####:  898:	    p++;//Next card
    $$$$$:  898-block  0
unconditional  0 never executed
        -:  899:	  }
        -:  900:	}
        -:  901:      }
        -:  902:			    
        -:  903:      else{
    #####:  904:	if (supplyCount(estate, state) > 0){
    $$$$$:  904-block  0
call    0 never executed
branch  1 never executed
branch  2 never executed
    #####:  905:	  gainCard(estate, state, 0, currentPlayer);//Gain an estate
    $$$$$:  905-block  0
call    0 never executed
    #####:  906:	  state->supplyCount[estate]--;//Decrement Estates
    #####:  907:	  if (supplyCount(estate, state) == 0){
call    0 never executed
branch  1 never executed
branch  2 never executed
    #####:  908:	    isGameOver(state);
    $$$$$:  908-block  0
call    0 never executed
unconditional  1 never executed
        -:  909:	  }
        -:  910:	}
        -:  911:      }
        -:  912:	    
        -:  913:      
    #####:  914:      return 0;
    $$$$$:  914-block  0
unconditional  0 never executed
        -:  915:		
        -:  916:    case great_hall:
        -:  917:
        -:  918:	//printf("-->Starting Great_Hall Case!\n");
     2002:  919:	great_hall_card(currentPlayer, state, handPos);
     2002:  919-block  0
call    0 returned 2002
        -:  920:/*      //+1 Card
        -:  921:      drawCard(currentPlayer, state);
        -:  922:			
        -:  923:      //+1 Actions
        -:  924:      state->numActions++;
        -:  925:			
        -:  926:      //discard card from hand
        -:  927:      discardCard(handPos, currentPlayer, state, 0);
        -:  928:      return 0;
        -:  929:*/		
     2002:  930:	return 0;
unconditional  0 taken 2002
        -:  931:	//printf("-->Ending Great_Hall Case!\n");
        -:  932:
        -:  933:    case minion:
        -:  934:      //+1 action
    #####:  935:      state->numActions++;
        -:  936:			
        -:  937:      //discard card from hand
    #####:  938:      discardCard(handPos, currentPlayer, state, 0);
    $$$$$:  938-block  0
call    0 never executed
        -:  939:			
    #####:  940:      if (choice1)		//+2 coins
branch  0 never executed
branch  1 never executed
        -:  941:	{
    #####:  942:	  state->coins = state->coins + 2;
    $$$$$:  942-block  0
unconditional  0 never executed
        -:  943:	}
        -:  944:			
    #####:  945:      else if (choice2)		//discard hand, redraw 4, other players with 5+ cards discard hand and draw 4
    $$$$$:  945-block  0
branch  0 never executed
branch  1 never executed
        -:  946:	{
        -:  947:	  //discard hand
    #####:  948:	  while(numHandCards(state) > 0)
    $$$$$:  948-block  0
unconditional  0 never executed
    $$$$$:  948-block  1
call    1 never executed
branch  2 never executed
branch  3 never executed
        -:  949:	    {
    #####:  950:	      discardCard(handPos, currentPlayer, state, 0);
    $$$$$:  950-block  0
call    0 never executed
unconditional  1 never executed
        -:  951:	    }
        -:  952:				
        -:  953:	  //draw 4
    #####:  954:	  for (i = 0; i < 4; i++)
    $$$$$:  954-block  0
unconditional  0 never executed
unconditional  1 never executed
    $$$$$:  954-block  1
branch  2 never executed
branch  3 never executed
        -:  955:	    {
    #####:  956:	      drawCard(currentPlayer, state);
    $$$$$:  956-block  0
call    0 never executed
        -:  957:	    }
        -:  958:				
        -:  959:	  //other players discard hand and redraw if hand size > 4
    #####:  960:	  for (i = 0; i < state->numPlayers; i++)
    $$$$$:  960-block  0
unconditional  0 never executed
    $$$$$:  960-block  1
unconditional  1 never executed
    $$$$$:  960-block  2
branch  2 never executed
branch  3 never executed
        -:  961:	    {
    #####:  962:	      if (i != currentPlayer)
    $$$$$:  962-block  0
branch  0 never executed
branch  1 never executed
        -:  963:		{
    #####:  964:		  if ( state->handCount[i] > 4 )
    $$$$$:  964-block  0
branch  0 never executed
branch  1 never executed
        -:  965:		    {
        -:  966:		      //discard hand
    #####:  967:		      while( state->handCount[i] > 0 )
    $$$$$:  967-block  0
unconditional  0 never executed
    $$$$$:  967-block  1
branch  1 never executed
branch  2 never executed
        -:  968:			{
    #####:  969:			  discardCard(handPos, i, state, 0);
    $$$$$:  969-block  0
call    0 never executed
unconditional  1 never executed
        -:  970:			}
        -:  971:							
        -:  972:		      //draw 4
    #####:  973:		      for (j = 0; j < 4; j++)
    $$$$$:  973-block  0
unconditional  0 never executed
unconditional  1 never executed
    $$$$$:  973-block  1
branch  2 never executed
branch  3 never executed
        -:  974:			{
    #####:  975:			  drawCard(i, state);
    $$$$$:  975-block  0
call    0 never executed
        -:  976:			}
        -:  977:		    }
        -:  978:		}
        -:  979:	    }
        -:  980:				
        -:  981:	}
    #####:  982:      return 0;
    $$$$$:  982-block  0
unconditional  0 never executed
        -:  983:		
        -:  984:    case steward:
        -:  985:	//printf("-->Starting Steward Case!\n");
    #####:  986:	steward_card(currentPlayer, state, handPos, choice1, choice2, choice3);
    $$$$$:  986-block  0
call    0 never executed
        -:  987:    /*  if (choice1 == 1)
        -:  988:	{
        -:  989:	  //+2 cards
        -:  990:	  drawCard(currentPlayer, state);
        -:  991:	  drawCard(currentPlayer, state);
        -:  992:	}
        -:  993:      else if (choice1 == 2)
        -:  994:	{
        -:  995:	  //+2 coins
        -:  996:	  state->coins = state->coins + 2;
        -:  997:	}
        -:  998:      else
        -:  999:	{
        -: 1000:	  //trash 2 cards in hand
        -: 1001:	  discardCard(choice2, currentPlayer, state, 1);
        -: 1002:	  discardCard(choice3, currentPlayer, state, 1);
        -: 1003:	}
        -: 1004:			
        -: 1005:      //discard card from hand
        -: 1006:      discardCard(handPos, currentPlayer, state, 0);
        -: 1007:      return 0;
        -: 1008:*/
        -: 1009:	//printf("-->Ending Steward Case!\n");
    #####: 1010:	return 0;		
unconditional  0 never executed
        -: 1011:    case tribute:
    #####: 1012:      if ((state->discardCount[nextPlayer] + state->deckCount[nextPlayer]) <= 1){
    $$$$$: 1012-block  0
branch  0 never executed
branch  1 never executed
    #####: 1013:	if (state->deckCount[nextPlayer] > 0){
    $$$$$: 1013-block  0
branch  0 never executed
branch  1 never executed
    #####: 1014:	  tributeRevealedCards[0] = state->deck[nextPlayer][state->deckCount[nextPlayer]-1];
    #####: 1015:	  state->deckCount[nextPlayer]--;
    $$$$$: 1015-block  0
unconditional  0 never executed
        -: 1016:	}
    #####: 1017:	else if (state->discardCount[nextPlayer] > 0){
    $$$$$: 1017-block  0
branch  0 never executed
branch  1 never executed
    #####: 1018:	  tributeRevealedCards[0] = state->discard[nextPlayer][state->discardCount[nextPlayer]-1];
    #####: 1019:	  state->discardCount[nextPlayer]--;
    $$$$$: 1019-block  0
unconditional  0 never executed
        -: 1020:	}
        -: 1021:	else{
        -: 1022:	  //No Card to Reveal
        -: 1023:	  if (DEBUG){
        -: 1024:	    printf("No cards to reveal\n");
        -: 1025:	  }
        -: 1026:	}
        -: 1027:      }
        -: 1028:	    
        -: 1029:      else{
    #####: 1030:	if (state->deckCount[nextPlayer] == 0){
    $$$$$: 1030-block  0
branch  0 never executed
branch  1 never executed
    #####: 1031:	  for (i = 0; i < state->discardCount[nextPlayer]; i++){
    $$$$$: 1031-block  0
unconditional  0 never executed
    $$$$$: 1031-block  1
unconditional  1 never executed
    $$$$$: 1031-block  2
branch  2 never executed
branch  3 never executed
    #####: 1032:	    state->deck[nextPlayer][i] = state->discard[nextPlayer][i];//Move to deck
    #####: 1033:	    state->deckCount[nextPlayer]++;
    #####: 1034:	    state->discard[nextPlayer][i] = -1;
    #####: 1035:	    state->discardCount[nextPlayer]--;
        -: 1036:	  }
        -: 1037:			    
    #####: 1038:	  shuffle(nextPlayer,state);//Shuffle the deck
    $$$$$: 1038-block  0
call    0 never executed
unconditional  1 never executed
        -: 1039:	} 
    #####: 1040:	tributeRevealedCards[0] = state->deck[nextPlayer][state->deckCount[nextPlayer]-1];
    #####: 1041:	state->deck[nextPlayer][state->deckCount[nextPlayer]--] = -1;
    #####: 1042:	state->deckCount[nextPlayer]--;
    #####: 1043:	tributeRevealedCards[1] = state->deck[nextPlayer][state->deckCount[nextPlayer]-1];
    #####: 1044:	state->deck[nextPlayer][state->deckCount[nextPlayer]--] = -1;
    #####: 1045:	state->deckCount[nextPlayer]--;
    $$$$$: 1045-block  0
unconditional  0 never executed
        -: 1046:      }    
        -: 1047:		       
    #####: 1048:      if (tributeRevealedCards[0] == tributeRevealedCards[1]){//If we have a duplicate card, just drop one 
    $$$$$: 1048-block  0
branch  0 never executed
branch  1 never executed
    #####: 1049:	state->playedCards[state->playedCardCount] = tributeRevealedCards[1];
    #####: 1050:	state->playedCardCount++;
    #####: 1051:	tributeRevealedCards[1] = -1;
    $$$$$: 1051-block  0
unconditional  0 never executed
        -: 1052:      }
        -: 1053:
    #####: 1054:      for (i = 0; i <= 2; i ++){
    $$$$$: 1054-block  0
unconditional  0 never executed
    $$$$$: 1054-block  1
unconditional  1 never executed
    $$$$$: 1054-block  2
branch  2 never executed
branch  3 never executed
    #####: 1055:	if (tributeRevealedCards[i] == copper || tributeRevealedCards[i] == silver || tributeRevealedCards[i] == gold){//Treasure cards
    $$$$$: 1055-block  0
branch  0 never executed
branch  1 never executed
    $$$$$: 1055-block  1
branch  2 never executed
branch  3 never executed
    $$$$$: 1055-block  2
branch  4 never executed
branch  5 never executed
    #####: 1056:	  state->coins += 2;
    $$$$$: 1056-block  0
unconditional  0 never executed
        -: 1057:	}
        -: 1058:		    
    #####: 1059:	else if (tributeRevealedCards[i] == estate || tributeRevealedCards[i] == duchy || tributeRevealedCards[i] == province || tributeRevealedCards[i] == gardens || tributeRevealedCards[i] == great_hall){//Victory Card Found
    $$$$$: 1059-block  0
branch  0 never executed
branch  1 never executed
    $$$$$: 1059-block  1
branch  2 never executed
branch  3 never executed
    $$$$$: 1059-block  2
branch  4 never executed
branch  5 never executed
    $$$$$: 1059-block  3
branch  6 never executed
branch  7 never executed
    $$$$$: 1059-block  4
branch  8 never executed
branch  9 never executed
    #####: 1060:	  drawCard(currentPlayer, state);
    $$$$$: 1060-block  0
call    0 never executed
    #####: 1061:	  drawCard(currentPlayer, state);
call    0 never executed
unconditional  1 never executed
        -: 1062:	}
        -: 1063:	else{//Action Card
    #####: 1064:	  state->numActions = state->numActions + 2;
    $$$$$: 1064-block  0
unconditional  0 never executed
        -: 1065:	}
        -: 1066:      }
        -: 1067:	    
    #####: 1068:      return 0;
    $$$$$: 1068-block  0
unconditional  0 never executed
        -: 1069:		
        -: 1070:    case ambassador:
    #####: 1071:      j = 0;		//used to check if player has enough cards to discard
        -: 1072:
    #####: 1073:      if (choice2 > 2 || choice2 < 0)
    $$$$$: 1073-block  0
branch  0 never executed
branch  1 never executed
    $$$$$: 1073-block  1
branch  2 never executed
branch  3 never executed
        -: 1074:	{
    #####: 1075:	  return -1;				
    $$$$$: 1075-block  0
unconditional  0 never executed
        -: 1076:	}
        -: 1077:
    #####: 1078:      if (choice1 == handPos)
    $$$$$: 1078-block  0
branch  0 never executed
branch  1 never executed
        -: 1079:	{
    #####: 1080:	  return -1;
    $$$$$: 1080-block  0
unconditional  0 never executed
        -: 1081:	}
        -: 1082:
    #####: 1083:      for (i = 0; i < state->handCount[currentPlayer]; i++)
    $$$$$: 1083-block  0
unconditional  0 never executed
    $$$$$: 1083-block  1
unconditional  1 never executed
    $$$$$: 1083-block  2
branch  2 never executed
branch  3 never executed
        -: 1084:	{
    #####: 1085:	  if (i != handPos && i == state->hand[currentPlayer][choice1] && i != choice1)
    $$$$$: 1085-block  0
branch  0 never executed
branch  1 never executed
    $$$$$: 1085-block  1
branch  2 never executed
branch  3 never executed
    $$$$$: 1085-block  2
branch  4 never executed
branch  5 never executed
        -: 1086:	    {
    #####: 1087:	      j++;
    $$$$$: 1087-block  0
unconditional  0 never executed
        -: 1088:	    }
        -: 1089:	}
    #####: 1090:      if (j < choice2)
    $$$$$: 1090-block  0
branch  0 never executed
branch  1 never executed
        -: 1091:	{
    #####: 1092:	  return -1;				
    $$$$$: 1092-block  0
unconditional  0 never executed
        -: 1093:	}
        -: 1094:
        -: 1095:      if (DEBUG) 
        -: 1096:	printf("Player %d reveals card number: %d\n", currentPlayer, state->hand[currentPlayer][choice1]);
        -: 1097:
        -: 1098:      //increase supply count for choosen card by amount being discarded
    #####: 1099:      state->supplyCount[state->hand[currentPlayer][choice1]] += choice2;
        -: 1100:			
        -: 1101:      //each other player gains a copy of revealed card
    #####: 1102:      for (i = 0; i < state->numPlayers; i++)
    $$$$$: 1102-block  0
unconditional  0 never executed
    $$$$$: 1102-block  1
unconditional  1 never executed
    $$$$$: 1102-block  2
branch  2 never executed
branch  3 never executed
        -: 1103:	{
    #####: 1104:	  if (i != currentPlayer)
    $$$$$: 1104-block  0
branch  0 never executed
branch  1 never executed
        -: 1105:	    {
    #####: 1106:	      gainCard(state->hand[currentPlayer][choice1], state, 0, i);
    $$$$$: 1106-block  0
call    0 never executed
unconditional  1 never executed
        -: 1107:	    }
        -: 1108:	}
        -: 1109:
        -: 1110:      //discard played card from hand
    #####: 1111:      discardCard(handPos, currentPlayer, state, 0);			
    $$$$$: 1111-block  0
call    0 never executed
        -: 1112:
        -: 1113:      //trash copies of cards returned to supply
    #####: 1114:      for (j = 0; j < choice2; j++)
unconditional  0 never executed
    $$$$$: 1114-block  0
unconditional  1 never executed
    $$$$$: 1114-block  1
branch  2 never executed
branch  3 never executed
        -: 1115:	{
    #####: 1116:	  for (i = 0; i < state->handCount[currentPlayer]; i++)
    $$$$$: 1116-block  0
unconditional  0 never executed
    $$$$$: 1116-block  1
unconditional  1 never executed
    $$$$$: 1116-block  2
branch  2 never executed
branch  3 never executed
        -: 1117:	    {
    #####: 1118:	      if (state->hand[currentPlayer][i] == state->hand[currentPlayer][choice1])
    $$$$$: 1118-block  0
branch  0 never executed
branch  1 never executed
        -: 1119:		{
    #####: 1120:		  discardCard(i, currentPlayer, state, 1);
    $$$$$: 1120-block  0
call    0 never executed
    #####: 1121:		  break;
unconditional  0 never executed
        -: 1122:		}
        -: 1123:	    }
        -: 1124:	}			
        -: 1125:
    #####: 1126:      return 0;
    $$$$$: 1126-block  0
unconditional  0 never executed
        -: 1127:		
        -: 1128:    case cutpurse:
        -: 1129:
    #####: 1130:      updateCoins(currentPlayer, state, 2);
    $$$$$: 1130-block  0
call    0 never executed
    #####: 1131:      for (i = 0; i < state->numPlayers; i++)
unconditional  0 never executed
    $$$$$: 1131-block  0
unconditional  1 never executed
    $$$$$: 1131-block  1
branch  2 never executed
branch  3 never executed
        -: 1132:	{
    #####: 1133:	  if (i != currentPlayer)
    $$$$$: 1133-block  0
branch  0 never executed
branch  1 never executed
        -: 1134:	    {
    #####: 1135:	      for (j = 0; j < state->handCount[i]; j++)
    $$$$$: 1135-block  0
unconditional  0 never executed
    $$$$$: 1135-block  1
unconditional  1 never executed
    $$$$$: 1135-block  2
branch  2 never executed
branch  3 never executed
        -: 1136:		{
    #####: 1137:		  if (state->hand[i][j] == copper)
    $$$$$: 1137-block  0
branch  0 never executed
branch  1 never executed
        -: 1138:		    {
    #####: 1139:		      discardCard(j, i, state, 0);
    $$$$$: 1139-block  0
call    0 never executed
    #####: 1140:		      break;
unconditional  0 never executed
        -: 1141:		    }
    #####: 1142:		  if (j == state->handCount[i])
    $$$$$: 1142-block  0
branch  0 never executed
branch  1 never executed
        -: 1143:		    {
    #####: 1144:		      for (k = 0; k < state->handCount[i]; k++)
    $$$$$: 1144-block  0
unconditional  0 never executed
    $$$$$: 1144-block  1
unconditional  1 never executed
    $$$$$: 1144-block  2
branch  2 never executed
branch  3 never executed
        -: 1145:			{
        -: 1146:			  if (DEBUG)
        -: 1147:			    printf("Player %d reveals card number %d\n", i, state->hand[i][k]);
        -: 1148:			}	
    #####: 1149:		      break;
    $$$$$: 1149-block  0
unconditional  0 never executed
        -: 1150:		    }		
        -: 1151:		}
        -: 1152:					
        -: 1153:	    }
        -: 1154:				
        -: 1155:	}				
        -: 1156:
        -: 1157:      //discard played card from hand
    #####: 1158:      discardCard(handPos, currentPlayer, state, 0);			
    $$$$$: 1158-block  0
call    0 never executed
        -: 1159:
    #####: 1160:      return 0;
unconditional  0 never executed
        -: 1161:
        -: 1162:		
        -: 1163:    case embargo: 
        -: 1164:      //+2 Coins
    #####: 1165:      state->coins = state->coins + 2;
        -: 1166:			
        -: 1167:      //see if selected pile is in play
    #####: 1168:      if ( state->supplyCount[choice1] == -1 )
    $$$$$: 1168-block  0
branch  0 never executed
branch  1 never executed
        -: 1169:	{
    #####: 1170:	  return -1;
    $$$$$: 1170-block  0
unconditional  0 never executed
        -: 1171:	}
        -: 1172:			
        -: 1173:      //add embargo token to selected supply pile
    #####: 1174:      state->embargoTokens[choice1]++;
        -: 1175:			
        -: 1176:      //trash card
    #####: 1177:      discardCard(handPos, currentPlayer, state, 1);		
    $$$$$: 1177-block  0
call    0 never executed
    #####: 1178:      return 0;
unconditional  0 never executed
        -: 1179:		
        -: 1180:    case outpost:
        -: 1181:      //set outpost flag
        2: 1182:      state->outpostPlayed++;
        -: 1183:			
        -: 1184:      //discard card
        2: 1185:      discardCard(handPos, currentPlayer, state, 0);
        2: 1185-block  0
call    0 returned 2
        2: 1186:      return 0;
unconditional  0 taken 2
        -: 1187:		
        -: 1188:    case salvager:
        -: 1189:      //+1 buy
     2000: 1190:      state->numBuys++;
        -: 1191:			
     2000: 1192:      if (choice1)
     2000: 1192-block  0
branch  0 taken 2000 (fallthrough)
branch  1 taken 0
        -: 1193:	{
        -: 1194:	  //gain coins equal to trashed card
     2000: 1195:	  state->coins = state->coins + getCost( handCard(choice1, state) );
     2000: 1195-block  0
call    0 returned 2000
call    1 returned 2000
        -: 1196:	  //trash card
     2000: 1197:	  discardCard(choice1, currentPlayer, state, 1);	
call    0 returned 2000
unconditional  1 taken 2000
        -: 1198:	}
        -: 1199:			
        -: 1200:      //discard card
     2000: 1201:      discardCard(handPos, currentPlayer, state, 0);
     2000: 1201-block  0
call    0 returned 2000
     2000: 1202:      return 0;
unconditional  0 taken 2000
        -: 1203:		
        -: 1204:    case sea_hag:
    #####: 1205:      for (i = 0; i < state->numPlayers; i++){
    $$$$$: 1205-block  0
unconditional  0 never executed
    $$$$$: 1205-block  1
unconditional  1 never executed
    $$$$$: 1205-block  2
branch  2 never executed
branch  3 never executed
    #####: 1206:	if (i != currentPlayer){
    $$$$$: 1206-block  0
branch  0 never executed
branch  1 never executed
    #####: 1207:	  state->discard[i][state->discardCount[i]] = state->deck[i][state->deckCount[i]--];			    state->deckCount[i]--;
    #####: 1208:	  state->discardCount[i]++;
    #####: 1209:	  state->deck[i][state->deckCount[i]--] = curse;//Top card now a curse
    $$$$$: 1209-block  0
unconditional  0 never executed
        -: 1210:	}
        -: 1211:      }
    #####: 1212:      return 0;
    $$$$$: 1212-block  0
unconditional  0 never executed
        -: 1213:		
        -: 1214:    case treasure_map:
        -: 1215:      //search hand for another treasure_map
    #####: 1216:      index = -1;
    #####: 1217:      for (i = 0; i < state->handCount[currentPlayer]; i++)
    $$$$$: 1217-block  0
unconditional  0 never executed
    $$$$$: 1217-block  1
unconditional  1 never executed
    $$$$$: 1217-block  2
branch  2 never executed
branch  3 never executed
        -: 1218:	{
    #####: 1219:	  if (state->hand[currentPlayer][i] == treasure_map && i != handPos)
    $$$$$: 1219-block  0
branch  0 never executed
branch  1 never executed
    $$$$$: 1219-block  1
branch  2 never executed
branch  3 never executed
        -: 1220:	    {
    #####: 1221:	      index = i;
    #####: 1222:	      break;
    $$$$$: 1222-block  0
unconditional  0 never executed
        -: 1223:	    }
        -: 1224:	}
    #####: 1225:      if (index > -1)
    $$$$$: 1225-block  0
branch  0 never executed
branch  1 never executed
        -: 1226:	{
        -: 1227:	  //trash both treasure cards
    #####: 1228:	  discardCard(handPos, currentPlayer, state, 1);
    $$$$$: 1228-block  0
call    0 never executed
    #####: 1229:	  discardCard(index, currentPlayer, state, 1);
call    0 never executed
        -: 1230:
        -: 1231:	  //gain 4 Gold cards
    #####: 1232:	  for (i = 0; i < 4; i++)
unconditional  0 never executed
unconditional  1 never executed
    $$$$$: 1232-block  0
branch  2 never executed
branch  3 never executed
        -: 1233:	    {
    #####: 1234:	      gainCard(gold, state, 1, currentPlayer);
    $$$$$: 1234-block  0
call    0 never executed
        -: 1235:	    }
        -: 1236:				
        -: 1237:	  //return success
    #####: 1238:	  return 1;
    $$$$$: 1238-block  0
unconditional  0 never executed
        -: 1239:	}
        -: 1240:			
        -: 1241:      //no second treasure_map found in hand
    #####: 1242:      return -1;
    $$$$$: 1242-block  0
unconditional  0 never executed
        -: 1243:    }
        -: 1244:	
     6014: 1245:  return -1;
    $$$$$: 1245-block  0
unconditional  0 never executed
     6014: 1245-block  1
unconditional  1 taken 6014
        -: 1246:}
        -: 1247:
function discardCard called 6006 returned 100% blocks executed 89%
     6006: 1248:int discardCard(int handPos, int currentPlayer, struct gameState *state, int trashFlag)
     6006: 1248-block  0
        -: 1249:{
        -: 1250:	
        -: 1251:  //if card is not trashed, added to Played pile 
     6006: 1252:  if (trashFlag < 1)
     6006: 1252-block  0
branch  0 taken 4006 (fallthrough)
branch  1 taken 2000
        -: 1253:    {
        -: 1254:      //add card to played pile
     4006: 1255:      state->playedCards[state->playedCardCount] = state->hand[currentPlayer][handPos]; 
     4006: 1256:      state->playedCardCount++;
     4006: 1256-block  0
unconditional  0 taken 4006
        -: 1257:    }
        -: 1258:	
        -: 1259:  //set played card to -1
     6006: 1260:  state->hand[currentPlayer][handPos] = -1;
        -: 1261:	
        -: 1262:  //remove card from player's hand
     6006: 1263:  if ( handPos == (state->handCount[currentPlayer] - 1) ) 	//last card in hand array is played
     6006: 1263-block  0
branch  0 taken 25 (fallthrough)
branch  1 taken 5981
        -: 1264:    {
        -: 1265:      //reduce number of cards in hand
       25: 1266:      state->handCount[currentPlayer]--;
       25: 1266-block  0
unconditional  0 taken 25
        -: 1267:    }
     5981: 1268:  else if ( state->handCount[currentPlayer] == 1 ) //only one card in hand
     5981: 1268-block  0
branch  0 taken 0 (fallthrough)
branch  1 taken 5981
        -: 1269:    {
        -: 1270:      //reduce number of cards in hand
    #####: 1271:      state->handCount[currentPlayer]--;
    $$$$$: 1271-block  0
unconditional  0 never executed
        -: 1272:    }
        -: 1273:  else 	
        -: 1274:    {
        -: 1275:      //replace discarded card with last card in hand
     5981: 1276:      state->hand[currentPlayer][handPos] = state->hand[currentPlayer][ (state->handCount[currentPlayer] - 1)];
        -: 1277:      //set last card to -1
     5981: 1278:      state->hand[currentPlayer][state->handCount[currentPlayer] - 1] = -1;
        -: 1279:      //reduce number of cards in hand
     5981: 1280:      state->handCount[currentPlayer]--;
     5981: 1280-block  0
unconditional  0 taken 5981
        -: 1281:    }
        -: 1282:	
     6006: 1283:  return 0;
     6006: 1283-block  0
unconditional  0 taken 6006
        -: 1284:}
        -: 1285:
function gainCard called 0 returned 0% blocks executed 0%
    #####: 1286:int gainCard(int supplyPos, struct gameState *state, int toFlag, int player)
    $$$$$: 1286-block  0
        -: 1287:{
        -: 1288:  //Note: supplyPos is enum of choosen card
        -: 1289:	
        -: 1290:  //check if supply pile is empty (0) or card is not used in game (-1)
    #####: 1291:  if ( supplyCount(supplyPos, state) < 1 )
    $$$$$: 1291-block  0
call    0 never executed
branch  1 never executed
branch  2 never executed
        -: 1292:    {
    #####: 1293:      return -1;
    $$$$$: 1293-block  0
unconditional  0 never executed
        -: 1294:    }
        -: 1295:	
        -: 1296:  //added card for [whoseTurn] current player:
        -: 1297:  // toFlag = 0 : add to discard
        -: 1298:  // toFlag = 1 : add to deck
        -: 1299:  // toFlag = 2 : add to hand
        -: 1300:
    #####: 1301:  if (toFlag == 1)
    $$$$$: 1301-block  0
branch  0 never executed
branch  1 never executed
        -: 1302:    {
    #####: 1303:      state->deck[ player ][ state->deckCount[player] ] = supplyPos;
    #####: 1304:      state->deckCount[player]++;
    $$$$$: 1304-block  0
unconditional  0 never executed
        -: 1305:    }
    #####: 1306:  else if (toFlag == 2)
    $$$$$: 1306-block  0
branch  0 never executed
branch  1 never executed
        -: 1307:    {
    #####: 1308:      state->hand[ player ][ state->handCount[player] ] = supplyPos;
    #####: 1309:      state->handCount[player]++;
    $$$$$: 1309-block  0
unconditional  0 never executed
        -: 1310:    }
        -: 1311:  else
        -: 1312:    {
    #####: 1313:      state->discard[player][ state->discardCount[player] ] = supplyPos;
    #####: 1314:      state->discardCount[player]++;
    $$$$$: 1314-block  0
unconditional  0 never executed
        -: 1315:    }
        -: 1316:	
        -: 1317:  //decrease number in supply pile
    #####: 1318:  state->supplyCount[supplyPos]--;
        -: 1319:	 
    #####: 1320:  return 0;
    $$$$$: 1320-block  0
unconditional  0 never executed
        -: 1321:}
        -: 1322:
function updateCoins called 2075 returned 100% blocks executed 82%
     2075: 1323:int updateCoins(int player, struct gameState *state, int bonus)
     2075: 1323-block  0
        -: 1324:{
        -: 1325:  int i;
        -: 1326:	
        -: 1327:  //reset coin count
     2075: 1328:  state->coins = 0;
        -: 1329:
        -: 1330:  //add coins for each Treasure card in player's hand
    12450: 1331:  for (i = 0; i < state->handCount[player]; i++)
     2075: 1331-block  0
unconditional  0 taken 2075
    10375: 1331-block  1
unconditional  1 taken 10375
    12450: 1331-block  2
branch  2 taken 10375
branch  3 taken 2075 (fallthrough)
        -: 1332:    {
    10375: 1333:      if (state->hand[player][i] == copper)
    10375: 1333-block  0
branch  0 taken 8300 (fallthrough)
branch  1 taken 2075
        -: 1334:	{
     8300: 1335:	  state->coins += 1;
     8300: 1335-block  0
unconditional  0 taken 8300
        -: 1336:	}
     2075: 1337:      else if (state->hand[player][i] == silver)
     2075: 1337-block  0
branch  0 taken 0 (fallthrough)
branch  1 taken 2075
        -: 1338:	{
    #####: 1339:	  state->coins += 2;
    $$$$$: 1339-block  0
unconditional  0 never executed
        -: 1340:	}
     2075: 1341:      else if (state->hand[player][i] == gold)
     2075: 1341-block  0
branch  0 taken 0 (fallthrough)
branch  1 taken 2075
        -: 1342:	{
    #####: 1343:	  state->coins += 3;
    $$$$$: 1343-block  0
unconditional  0 never executed
        -: 1344:	}	
        -: 1345:    }	
        -: 1346:
        -: 1347:  //add bonus
     2075: 1348:  state->coins += bonus;
        -: 1349:
     2075: 1350:  return 0;
     2075: 1350-block  0
unconditional  0 taken 2075
        -: 1351:}
        -: 1352:
        -: 1353:
        -: 1354://end of dominion.c
        -: 1355:
        -: 1356:
        -: 1357://new Card functions
function smithy_card called 2 returned 100% blocks executed 100%
        2: 1358:int smithy_card(int currentPlayer, struct gameState *state, int handPos){	
        2: 1358-block  0
        -: 1359://	printf("---->Starting Smithy function!\n");
        -: 1360:      //+3 Cards
        2: 1361:      int i = 0;
       10: 1362:      for (i = 0; i <= 3; i++)
        2: 1362-block  0
unconditional  0 taken 2
unconditional  1 taken 8
       10: 1362-block  1
branch  2 taken 8
branch  3 taken 2 (fallthrough)
        -: 1363:      {
        8: 1364:        drawCard(currentPlayer, state);
        8: 1364-block  0
call    0 returned 8
        -: 1365:      }
        -: 1366:			
        -: 1367:      //discard card from hand
        2: 1368:      discardCard(handPos, currentPlayer, state, 0);
        2: 1368-block  0
call    0 returned 2
        -: 1369://	printf("---->Ending Smithy function!\n");
        2: 1370:      return 0;
unconditional  0 taken 2
        -: 1371:}
        -: 1372:
        -: 1373:
function village_card called 0 returned 0% blocks executed 0%
    #####: 1374:int village_card(int currentPlayer, struct gameState *state, int handPos){
    $$$$$: 1374-block  0
        -: 1375://	printf("---->Starting Village function!\n");
        -: 1376:
        -: 1377:      //+1 Card
    #####: 1378:      drawCard(currentPlayer, state);
    $$$$$: 1378-block  0
call    0 never executed
        -: 1379:			
        -: 1380:      //+2 Actions
    #####: 1381:      state->numActions = state->numActions++;
        -: 1382:			
        -: 1383:      //discard played card from hand
    #####: 1384:      discardCard(handPos, currentPlayer, state, 0);
call    0 never executed
        -: 1385://	printf("---->Ending Village function!\n");
    #####: 1386:      return 0;
unconditional  0 never executed
        -: 1387:
        -: 1388:
        -: 1389:}
        -: 1390:
function adventurer_card called 2008 returned 100% blocks executed 100%
     2008: 1391:int adventurer_card(int currentPlayer, struct gameState *state, int handPos, int drawntreasure, int cardDrawn, int z, int temphand[]){
     2008: 1391-block  0
    37636: 1392:      while(drawntreasure<2){
     2008: 1392-block  0
unconditional  0 taken 2008
    37636: 1392-block  1
branch  1 taken 35628
branch  2 taken 2008 (fallthrough)
    35628: 1393:	if (state->deckCount[currentPlayer] <1){//if the deck is empty we need to shuffle discard and add to deck
    35628: 1393-block  0
branch  0 taken 905 (fallthrough)
branch  1 taken 34723
      905: 1394:	  shuffle(currentPlayer, state);
      905: 1394-block  0
call    0 returned 905
unconditional  1 taken 905
        -: 1395:	}
    35628: 1396:	drawCard(currentPlayer, state);
    35628: 1396-block  0
call    0 returned 35628
    35628: 1397:	cardDrawn = state->hand[currentPlayer][state->handCount[currentPlayer]-1];//top card of hand is most recently drawn card.
    35628: 1398:	if (cardDrawn == copper || cardDrawn == silver || cardDrawn == gold)
branch  0 taken 34283 (fallthrough)
branch  1 taken 1345
    34283: 1398-block  0
branch  2 taken 32939 (fallthrough)
branch  3 taken 1344
    32939: 1398-block  1
branch  4 taken 1327 (fallthrough)
branch  5 taken 31612
     4016: 1399:	  drawntreasure++;
     4016: 1399-block  0
unconditional  0 taken 4016
        -: 1400:	else{
    31612: 1401:	  temphand[z]=cardDrawn;
    31612: 1402:	  state->handCount[currentPlayer]--; //this should just remove the top card (the most recently drawn one).
    31612: 1403:	  z++;
    31612: 1403-block  0
unconditional  0 taken 31612
        -: 1404:	}
        -: 1405:      }
    33620: 1406:      while(z-1>=0){
     2008: 1406-block  0
unconditional  0 taken 2008
    33620: 1406-block  1
branch  1 taken 31612
branch  2 taken 2008 (fallthrough)
    31612: 1407:	state->discard[currentPlayer][state->discardCount[currentPlayer]++]=temphand[z-1]; // discard all cards in play that have been drawn
    31612: 1408:	z=z-1;
    31612: 1408-block  0
unconditional  0 taken 31612
        -: 1409:      }
     2008: 1410:      return 0;
     2008: 1410-block  0
unconditional  0 taken 2008
        -: 1411:}
        -: 1412:
function great_hall_card called 2002 returned 100% blocks executed 100%
     2002: 1413:int great_hall_card(int currentPlayer, struct gameState *state, int handPos){
     2002: 1413-block  0
        -: 1414:      //+1 Card
        -: 1415:      //drawCard(currentPlayer, state);
        -: 1416:			
        -: 1417:      //+1 Actions
     2002: 1418:      state->numActions++;
        -: 1419:			
        -: 1420:      //discard card from hand
     2002: 1421:      discardCard(handPos, currentPlayer, state, 0);
     2002: 1421-block  0
call    0 returned 2002
     2002: 1422:      return 0;
unconditional  0 taken 2002
        -: 1423:}
        -: 1424:
function steward_card called 0 returned 0% blocks executed 0%
    #####: 1425:int steward_card(int currentPlayer, struct gameState *state, int handPos, int choice1, int choice2, int choice3){
    $$$$$: 1425-block  0
    #####: 1426:      if (choice2 == 1)
    $$$$$: 1426-block  0
branch  0 never executed
branch  1 never executed
        -: 1427:	{
        -: 1428:	  //+2 cards
    #####: 1429:	  drawCard(currentPlayer, state);
    $$$$$: 1429-block  0
call    0 never executed
        -: 1430:	
        -: 1431:
    #####: 1432:  drawCard(currentPlayer, state);
call    0 never executed
unconditional  1 never executed
        -: 1433:	}
    #####: 1434:      else if (choice2 == 2)
    $$$$$: 1434-block  0
branch  0 never executed
branch  1 never executed
        -: 1435:	{
        -: 1436:	  //+2 coins
    #####: 1437:	  state->coins = state->coins + 2;
    $$$$$: 1437-block  0
unconditional  0 never executed
        -: 1438:	}
        -: 1439:      else
        -: 1440:	{
        -: 1441:	  //trash 2 cards in hand
    #####: 1442:	  discardCard(choice2, currentPlayer, state, 1);
    $$$$$: 1442-block  0
call    0 never executed
    #####: 1443:	  discardCard(choice3, currentPlayer, state, 1);
call    0 never executed
unconditional  1 never executed
        -: 1444:	}
        -: 1445:			
        -: 1446:      //discard card from hand
    #####: 1447:      discardCard(handPos, currentPlayer, state, 0);
    $$$$$: 1447-block  0
call    0 never executed
    #####: 1448:      return 0;
unconditional  0 never executed
        -: 1449:}
